<?xml version="1.0" encoding="UTF-8" ?>
<testsuites>
<testsuite name="Verify" errors="0" tests="1" failures="0" time="0.005" timestamp="2013-12-20T16:17:54">
  <testcase classname="Verify" name="spawns child process" time="0.004"></testcase>
</testsuite>
</testsuites>